  test.cpp
g:\code\c++\复习测试\复习测试\test.cpp(683): warning C4018: “<”: 有符号/无符号不匹配
g:\code\c++\复习测试\复习测试\test.cpp(685): warning C4018: “<”: 有符号/无符号不匹配
g:\code\c++\复习测试\复习测试\test.cpp(706): warning C4018: “<”: 有符号/无符号不匹配
g:\code\c++\复习测试\复习测试\test.cpp(724): warning C4018: “<”: 有符号/无符号不匹配
g:\code\c++\复习测试\复习测试\test.cpp(749): warning C4018: “<”: 有符号/无符号不匹配
g:\code\c++\复习测试\复习测试\test.cpp(862): warning C4018: “<”: 有符号/无符号不匹配
g:\code\c++\复习测试\复习测试\test.cpp(928): warning C4018: “<=”: 有符号/无符号不匹配
g:\code\c++\复习测试\复习测试\test.cpp(974): warning C4018: “<”: 有符号/无符号不匹配
g:\code\c++\复习测试\复习测试\test.cpp(980): warning C4018: “<”: 有符号/无符号不匹配
g:\code\c++\复习测试\复习测试\test.cpp(1165): warning C4018: “<”: 有符号/无符号不匹配
g:\code\c++\复习测试\复习测试\test.cpp(1184): warning C4018: “<”: 有符号/无符号不匹配
g:\code\c++\复习测试\复习测试\test.cpp(1414): warning C4018: “<”: 有符号/无符号不匹配
g:\code\c++\复习测试\复习测试\test.cpp(1433): warning C4018: “<”: 有符号/无符号不匹配
g:\code\c++\复习测试\复习测试\test.cpp(1544): error C2027: 使用了未定义类型“Observer”
  g:\code\c++\复习测试\复习测试\test.cpp(1488): note: 参见“Observer”的声明
g:\code\c++\复习测试\复习测试\test.cpp(1544): error C2227: “->Update”的左边必须指向类/结构/联合/泛型类型
